<?xml version="1.0" encoding="UTF-8"?>
<!-- Generated by org.testng.reporters.JUnitReportReporter -->
<testsuite skipped="0" hostname="DESKTOP-3C1VVRB" name="packageABC.mvnTest" tests="2" failures="0" timestamp="12 Aug 2019 06:21:04 GMT" time="0.008" errors="0">
  <testcase name="webapp" time="0.000" classname="packageABC.mvnTest"/>
  <testcase name="mobileapp" time="0.008" classname="packageABC.mvnTest"/>
</testsuite> <!-- packageABC.mvnTest -->
